<?xml version="1.0" encoding="UTF-8"?>
<testng-results ignored="0" total="1" passed="1" failed="0" skipped="0">
  <reporter-output>
  </reporter-output>
  <suite started-at="2021-10-11T12:02:05 IST" name="sample test suite" finished-at="2021-10-11T12:02:45 IST" duration-ms="40071">
    <groups>
    </groups>
    <test started-at="2021-10-11T12:02:05 IST" name="Login Test" finished-at="2021-10-11T12:02:45 IST" duration-ms="40071">
      <class name="com.selenium.Group.sauceDemo">
        <test-method signature="Individual()[pri:0, instance:com.selenium.Group.sauceDemo@446293d]" started-at="2021-10-11T12:02:05 IST" name="Individual" finished-at="2021-10-11T12:02:45 IST" duration-ms="39949" status="PASS">
          <reporter-output>
          </reporter-output>
        </test-method> <!-- Individual -->
      </class> <!-- com.selenium.Group.sauceDemo -->
    </test> <!-- Login Test -->
  </suite> <!-- sample test suite -->
</testng-results>
